<?xml version="1.0" encoding="UTF-8"?>
<!-- Generated by org.testng.reporters.JUnitXMLReporter -->
<testsuite ignored="5" hostname="DESKTOP-7GFC154" failures="0" tests="1" name="Default test" time="4.868" errors="0" timestamp="2024-05-29T12:49:29 IST">
  <testcase classname="com.org.TESTNG.Commands" name="verifysaucetitle" time="3.25"/>
  <testcase classname="com.org.TESTNG.Commands" name="verifyGenderDetails" time="0.0">
    <ignored/>
  </testcase> <!-- verifyGenderDetails -->
  <testcase classname="com.org.TESTNG.Commands" name="verifyHomePageTitle" time="0.0">
    <ignored/>
  </testcase> <!-- verifyHomePageTitle -->
  <testcase classname="com.org.TESTNG.Commands" name="verifyVoteDetails" time="0.0">
    <ignored/>
  </testcase> <!-- verifyVoteDetails -->
  <testcase classname="com.org.TESTNG.Commands" name="verifySubscribeDetails" time="0.0">
    <ignored/>
  </testcase> <!-- verifySubscribeDetails -->
  <testcase classname="com.org.TESTNG.Commands" name="verifyLoginDetails" time="0.0">
    <ignored/>
  </testcase> <!-- verifyLoginDetails -->
</testsuite> <!-- Default test -->
