<?xml version="1.0" encoding="UTF-8"?>
<!-- Generated by org.testng.reporters.JUnitXMLReporter -->
<testsuite ignored="10" hostname="DESKTOP-7GFC154" failures="0" tests="1" name="Default test" time="120.812" errors="0" timestamp="2024-05-31T11:55:08 IST">
  <testcase classname="com.org.TESTNG.Commands" name="verifyDynmaicWebTable" time="56.11"/>
  <testcase classname="com.org.TESTNG.Commands" name="verifyLoginDetails" time="0.0">
    <ignored/>
  </testcase> <!-- verifyLoginDetails -->
  <testcase classname="com.org.TESTNG.Commands" name="verifyJavaScriptExecutorSendkeysandClick" time="0.0">
    <ignored/>
  </testcase> <!-- verifyJavaScriptExecutorSendkeysandClick -->
  <testcase classname="com.org.TESTNG.Commands" name="verifyLoginJavaScriptExecutor" time="0.0">
    <ignored/>
  </testcase> <!-- verifyLoginJavaScriptExecutor -->
  <testcase classname="com.org.TESTNG.Commands" name="verifyGenderDetails" time="0.0">
    <ignored/>
  </testcase> <!-- verifyGenderDetails -->
  <testcase classname="com.org.TESTNG.Commands" name="verifySubscribeDetails" time="0.0">
    <ignored/>
  </testcase> <!-- verifySubscribeDetails -->
  <testcase classname="com.org.TESTNG.Commands" name="verifyScroll" time="0.0">
    <ignored/>
  </testcase> <!-- verifyScroll -->
  <testcase classname="com.org.TESTNG.Commands" name="verifysaucetitle" time="0.0">
    <ignored/>
  </testcase> <!-- verifysaucetitle -->
  <testcase classname="com.org.TESTNG.Commands" name="verifyHomePageTitle" time="0.0">
    <ignored/>
  </testcase> <!-- verifyHomePageTitle -->
  <testcase classname="com.org.TESTNG.Commands" name="verifyVoteDetails" time="0.0">
    <ignored/>
  </testcase> <!-- verifyVoteDetails -->
  <testcase classname="com.org.TESTNG.Commands" name="verifyRobotClass" time="0.0">
    <ignored/>
  </testcase> <!-- verifyRobotClass -->
</testsuite> <!-- Default test -->
