<?xml version="1.0" encoding="UTF-8"?>
<testng-results ignored="0" total="1" passed="1" failed="0" skipped="0">
  <reporter-output>
  </reporter-output>
  <suite started-at="2024-08-20T20:06:36 IST" name="Default suite" finished-at="2024-08-20T20:06:55 IST" duration-ms="19153">
    <groups>
    </groups>
    <test started-at="2024-08-20T20:06:36 IST" name="Default test" finished-at="2024-08-20T20:06:55 IST" duration-ms="19153">
      <class name="com.org.TESTNG.Commands">
        <test-method is-config="true" signature="setUp()[pri:0, instance:com.org.TESTNG.Commands@6adbc9d]" started-at="2024-08-20T20:06:36 IST" name="setUp" finished-at="2024-08-20T20:06:37 IST" duration-ms="1512" status="PASS">
          <reporter-output>
          </reporter-output>
        </test-method> <!-- setUp -->
        <test-method signature="verifyRobotClass()[pri:0, instance:com.org.TESTNG.Commands@6adbc9d]" started-at="2024-08-20T20:06:37 IST" name="verifyRobotClass" finished-at="2024-08-20T20:06:55 IST" duration-ms="17578" status="PASS">
          <reporter-output>
          </reporter-output>
        </test-method> <!-- verifyRobotClass -->
        <test-method is-config="true" signature="closeBrowser()[pri:0, instance:com.org.TESTNG.Commands@6adbc9d]" started-at="2024-08-20T20:06:55 IST" name="closeBrowser" finished-at="2024-08-20T20:06:55 IST" duration-ms="3" status="PASS">
          <reporter-output>
          </reporter-output>
        </test-method> <!-- closeBrowser -->
      </class> <!-- com.org.TESTNG.Commands -->
    </test> <!-- Default test -->
  </suite> <!-- Default suite -->
</testng-results>
