<?xml version="1.0" encoding="UTF-8"?>
<testng-results ignored="0" total="1" passed="1" failed="0" skipped="0">
  <reporter-output>
  </reporter-output>
  <suite started-at="2024-05-29T12:49:24 IST" name="Default suite" finished-at="2024-05-29T12:49:29 IST" duration-ms="4868">
    <groups>
    </groups>
    <test started-at="2024-05-29T12:49:24 IST" name="Default test" finished-at="2024-05-29T12:49:29 IST" duration-ms="4868">
      <class name="com.org.TESTNG.Commands">
        <test-method is-config="true" signature="setUp()[pri:0, instance:com.org.TESTNG.Commands@158d2680]" started-at="2024-05-29T12:49:24 IST" name="setUp" finished-at="2024-05-29T12:49:26 IST" duration-ms="1498" status="PASS">
          <reporter-output>
          </reporter-output>
        </test-method> <!-- setUp -->
        <test-method signature="verifysaucetitle()[pri:0, instance:com.org.TESTNG.Commands@158d2680]" started-at="2024-05-29T12:49:26 IST" name="verifysaucetitle" finished-at="2024-05-29T12:49:29 IST" duration-ms="3250" status="PASS">
          <reporter-output>
          </reporter-output>
        </test-method> <!-- verifysaucetitle -->
        <test-method is-config="true" signature="closeBrowser()[pri:0, instance:com.org.TESTNG.Commands@158d2680]" started-at="2024-05-29T12:49:29 IST" name="closeBrowser" finished-at="2024-05-29T12:49:29 IST" duration-ms="77" status="PASS">
          <reporter-output>
          </reporter-output>
        </test-method> <!-- closeBrowser -->
      </class> <!-- com.org.TESTNG.Commands -->
    </test> <!-- Default test -->
  </suite> <!-- Default suite -->
</testng-results>
